<?xml version="1.0" encoding="UTF-8"?>
<testng-results skipped="0" failed="0" ignored="0" total="1" passed="1">
  <reporter-output>
  </reporter-output>
  <suite name="Default suite" duration-ms="3199" started-at="2022-01-17T10:44:48Z" finished-at="2022-01-17T10:44:51Z">
    <groups>
    </groups>
    <test name="Default test" duration-ms="3199" started-at="2022-01-17T10:44:48Z" finished-at="2022-01-17T10:44:51Z">
      <class name="responseValidation.DynamicResponseValidation">
        <test-method status="PASS" signature="dynamicValidation()[pri:0, instance:responseValidation.DynamicResponseValidation@2b98378d]" name="dynamicValidation" duration-ms="3169" started-at="2022-01-17T10:44:48Z" finished-at="2022-01-17T10:44:51Z">
          <reporter-output>
          </reporter-output>
        </test-method> <!-- dynamicValidation -->
      </class> <!-- responseValidation.DynamicResponseValidation -->
    </test> <!-- Default test -->
  </suite> <!-- Default suite -->
</testng-results>
